<?xml version="1.0" encoding="UTF-8"?>
<robot generator="Robot 7.0 (Python 3.12.2 on win32)" generated="2024-04-25T12:24:53.611270" rpa="false" schemaversion="5">
<suite id="s1" name="CRUD" source="C:\Users\AbdullahAmir\Documents\Databse\DatabaseProject\CRUD.robot">
<test id="s1-t1" name="Perform CRUD Operations on Database" line="8">
<kw name="Connect To Database" owner="CRUD">
<msg time="2024-04-25T12:24:57.764004" level="INFO">${connection} = &lt;pyodbc.Connection object at 0x000002C6BC7E6730&gt;</msg>
<var>${connection}</var>
<status status="PASS" start="2024-04-25T12:24:53.636765" elapsed="4.127239"/>
</kw>
<kw name="Create Table" owner="CRUD">
<arg>${connection}</arg>
<status status="PASS" start="2024-04-25T12:24:57.765304" elapsed="0.002062"/>
</kw>
<kw name="Insert Data" owner="CRUD">
<arg>${connection}</arg>
<arg>1</arg>
<arg>"Alice"</arg>
<arg>25</arg>
<status status="PASS" start="2024-04-25T12:24:57.768270" elapsed="0.001002"/>
</kw>
<status status="PASS" start="2024-04-25T12:24:53.635777" elapsed="4.133495"/>
</test>
<status status="PASS" start="2024-04-25T12:24:53.613325" elapsed="4.157943"/>
</suite>
<statistics>
<total>
<stat pass="1" fail="0" skip="0">All Tests</stat>
</total>
<tag>
</tag>
<suite>
<stat pass="1" fail="0" skip="0" id="s1" name="CRUD">CRUD</stat>
</suite>
</statistics>
<errors>
</errors>
</robot>
