<?xml version="1.0" encoding="UTF-8"?>
<robot generator="Robot 7.0 (Python 3.9.13 on win32)" generated="2024-04-24T15:42:53.053142" rpa="false" schemaversion="5">
<suite id="s1" name="Database" source="C:\Users\AbdullahAmir\Documents\Databse\DatabaseProject\database.robot">
<test id="s1-t1" name="Create Parents Table" line="6">
<kw name="Create Table" owner="custom">
<msg time="2024-04-24T15:42:57.482656" level="INFO">${output} = None</msg>
<var>${output}</var>
<status status="PASS" start="2024-04-24T15:42:53.098765" elapsed="4.383891"/>
</kw>
<kw name="Log" owner="BuiltIn">
<msg time="2024-04-24T15:42:57.483573" level="INFO">None</msg>
<arg>${output}</arg>
<doc>Logs the given message with the given level.</doc>
<status status="PASS" start="2024-04-24T15:42:57.483573" elapsed="0.000000"/>
</kw>
<status status="PASS" start="2024-04-24T15:42:53.096766" elapsed="4.387807"/>
</test>
<status status="PASS" start="2024-04-24T15:42:53.055141" elapsed="4.430431"/>
</suite>
<statistics>
<total>
<stat pass="1" fail="0" skip="0">All Tests</stat>
</total>
<tag>
</tag>
<suite>
<stat pass="1" fail="0" skip="0" id="s1" name="Database">Database</stat>
</suite>
</statistics>
<errors>
</errors>
</robot>
