<?xml version="1.0" encoding="UTF-8"?>
<robot generator="Robot 7.0 (Python 3.12.2 on win32)" generated="2024-04-25T13:04:07.933020" rpa="false" schemaversion="5">
<suite id="s1" name="CRUD" source="C:\Users\AbdullahAmir\Documents\Databse\DatabaseProject\CRUD.robot">
<test id="s1-t1" name="Perform CRUD Operations on Database" line="8">
<kw name="Connect To Database" owner="CRUD">
<msg time="2024-04-25T13:04:07.959814" level="TRACE">Arguments: [  ]</msg>
<msg time="2024-04-25T13:04:12.083670" level="TRACE">Return: &lt;pyodbc.Connection object at 0x000002202D2F6730&gt;</msg>
<msg time="2024-04-25T13:04:12.083670" level="INFO">${connection} = &lt;pyodbc.Connection object at 0x000002202D2F6730&gt;</msg>
<var>${connection}</var>
<status status="PASS" start="2024-04-25T13:04:07.959814" elapsed="4.123856"/>
</kw>
<kw name="Delete Data" owner="CRUD">
<msg time="2024-04-25T13:04:12.084669" level="TRACE">Arguments: [ &lt;pyodbc.Connection object at 0x000002202D2F6730&gt; | '2' ]</msg>
<msg time="2024-04-25T13:04:12.089706" level="TRACE">Return: None</msg>
<arg>${connection}</arg>
<arg>2</arg>
<status status="PASS" start="2024-04-25T13:04:12.084669" elapsed="0.005037"/>
</kw>
<kw name="Delete Data" owner="CRUD">
<msg time="2024-04-25T13:04:12.090712" level="TRACE">Arguments: [ &lt;pyodbc.Connection object at 0x000002202D2F6730&gt; | '1' ]</msg>
<msg time="2024-04-25T13:04:12.092721" level="TRACE">Return: None</msg>
<arg>${connection}</arg>
<arg>1</arg>
<status status="PASS" start="2024-04-25T13:04:12.090712" elapsed="0.002009"/>
</kw>
<kw name="Retrieve Data" owner="CRUD">
<msg time="2024-04-25T13:04:12.092721" level="TRACE">Arguments: [ &lt;pyodbc.Connection object at 0x000002202D2F6730&gt; ]</msg>
<msg time="2024-04-25T13:04:12.095820" level="TRACE">Return: []</msg>
<msg time="2024-04-25T13:04:12.095820" level="INFO">${data} = []</msg>
<var>${data}</var>
<arg>${connection}</arg>
<status status="PASS" start="2024-04-25T13:04:12.092721" elapsed="0.003099"/>
</kw>
<kw name="Log Many" owner="BuiltIn">
<msg time="2024-04-25T13:04:12.096713" level="TRACE">Arguments: [ '${data}' ]</msg>
<msg time="2024-04-25T13:04:12.096713" level="INFO">[]</msg>
<msg time="2024-04-25T13:04:12.096713" level="TRACE">Return: None</msg>
<arg>${data}</arg>
<doc>Logs the given messages as separate entries using the INFO level.</doc>
<status status="PASS" start="2024-04-25T13:04:12.096713" elapsed="0.000000"/>
</kw>
<status status="PASS" start="2024-04-25T13:04:07.958725" elapsed="4.139027"/>
</test>
<status status="PASS" start="2024-04-25T13:04:07.935000" elapsed="4.164712"/>
</suite>
<statistics>
<total>
<stat pass="1" fail="0" skip="0">All Tests</stat>
</total>
<tag>
</tag>
<suite>
<stat pass="1" fail="0" skip="0" id="s1" name="CRUD">CRUD</stat>
</suite>
</statistics>
<errors>
</errors>
</robot>
